<?xml version="1.0" encoding="UTF-8"?>
<!-- Generated by org.testng.reporters.JUnitReportReporter -->
<testsuite skipped="0" hostname="no1010042194067" name="functional.BasicSearchTest" tests="1" failures="0" timestamp="09 May 2018 04:38:36 GMT" time="9.478" errors="0">
  <testcase name="verifyBasicSearch" time="9.478" classname="functional.BasicSearchTest"/>
</testsuite> <!-- functional.BasicSearchTest -->
